<?xml version="1.0" encoding="UTF-8"?>
<!-- Generated by org.testng.reporters.JUnitXMLReporter -->
<testsuite hostname="DESKTOP-K04DGBJ" ignored="0" name="Test" tests="6" failures="0" timestamp="2021-03-09T02:48:10 IST" time="50.882" errors="0">
  <testcase name="testLandingPage" time="0.294" classname="test.dockerTest"/>
  <testcase name="verifyImageFilter" time="0.152" classname="test.dockerTest"/>
  <testcase name="verifyCategoryFilter" time="0.83" classname="test.dockerTest"/>
  <testcase name="verifyAppliedFilter" time="3.751" classname="test.dockerTest"/>
  <testcase name="verifyAdditionalFilter" time="6.014" classname="test.dockerTest"/>
  <testcase name="verifyClosedFilter" time="3.203" classname="test.dockerTest"/>
</testsuite> <!-- Test -->
